*** Using Compiler 'V6.18', folder: 'D:\Keil_v5\ARM\ARMCLANG\Bin'
Rebuild target 'usb_test'
../Core/Src/main.c(141): warning: non-void function does not return a value [-Wreturn-type]
}
^
../Core/Src/main.c(252): warning: implicit declaration of function 'USBD_HID_SendReport' is invalid in C99 [-Wimplicit-function-declaration]
                USBD_HID_SendReport(&hUsbDeviceFS, (uint8_t *)&keyboard, sizeof(struct HID_t));
                ^
2 warnings generated.
compiling main.c...
compiling gpio.c...
compiling stm32f1xx_hal_gpio_ex.c...
compiling dma.c...
compiling stm32f1xx_hal_gpio.c...
compiling stm32f1xx_hal.c...
assembling startup_stm32f103xb.s...
compiling stm32f1xx_hal_msp.c...
compiling stm32f1xx_hal_rcc_ex.c...
compiling stm32f1xx_it.c...
compiling stm32f1xx_hal_pcd_ex.c...
compiling usart.c...
compiling adc.c...
compiling stm32f1xx_hal_rcc.c...
compiling stm32f1xx_hal_dma.c...
compiling stm32f1xx_ll_usb.c...
compiling stm32f1xx_hal_cortex.c...
compiling stm32f1xx_hal_pwr.c...
compiling stm32f1xx_hal_pcd.c...
compiling stm32f1xx_hal_flash.c...
compiling stm32f1xx_hal_tim.c...
compiling stm32f1xx_hal_exti.c...
compiling usbd_desc.c...
compiling stm32f1xx_hal_tim_ex.c...
compiling stm32f1xx_hal_flash_ex.c...
compiling system_stm32f1xx.c...
compiling usb_device.c...
compiling stm32f1xx_hal_adc_ex.c...
compiling usbd_ioreq.c...
compiling usbd_core.c...
compiling usbd_conf.c...
compiling usbd_hid.c...
compiling usbd_ctlreq.c...
compiling stm32f1xx_hal_adc.c...
compiling stm32f1xx_hal_uart.c...
linking...
Program Size: Code=17736 RO-data=312 RW-data=432 ZI-data=6304  
FromELF: creating hex file...
"usb_test\usb_test.axf" - 0 Error(s), 2 Warning(s).
Build Time Elapsed:  00:00:02
